2023-12-11 10:16:17,767 INFO autoreload Watching for file changes with StatReloader
2023-12-11 10:16:46,019 WARNING log Not Found: /favicon.ico
2023-12-11 10:17:13,664 INFO price_update Starting product price update...
2023-12-11 10:17:13,665 INFO price_update Updating prices for product: DVARO pienas, 2,5 % rieb., 2 l
2023-12-11 10:17:16,991 INFO price_update Prices updated for product: DVARO pienas, 2,5 % rieb., 2 l
2023-12-11 10:17:16,991 INFO price_update Updating prices for product: DVARO kefyras, 2,5% rieb., 900 g
2023-12-11 10:17:19,762 INFO price_update Prices updated for product: DVARO kefyras, 2,5% rieb., 900 g
2023-12-11 10:17:19,762 INFO price_update Updating prices for product: Bananai, 1 kg
2023-12-11 10:17:22,938 INFO price_update Prices updated for product: Bananai, 1 kg
2023-12-11 12:23:50,493 INFO autoreload Watching for file changes with StatReloader
2023-12-11 12:25:47,129 INFO autoreload Watching for file changes with StatReloader
2023-12-11 12:26:01,510 INFO autoreload Watching for file changes with StatReloader
2023-12-11 12:26:53,007 INFO autoreload Watching for file changes with StatReloader
2023-12-11 12:30:02,915 INFO autoreload Watching for file changes with StatReloader
2023-12-11 12:30:28,118 INFO autoreload Watching for file changes with StatReloader
2023-12-11 12:30:36,880 INFO autoreload Watching for file changes with StatReloader
2023-12-11 12:30:46,947 INFO autoreload Watching for file changes with StatReloader
2023-12-11 12:32:43,402 INFO autoreload Watching for file changes with StatReloader
2023-12-11 12:34:20,869 INFO autoreload Watching for file changes with StatReloader
2023-12-11 12:34:27,325 INFO autoreload Watching for file changes with StatReloader
2023-12-11 13:42:23,701 INFO autoreload Watching for file changes with StatReloader
2023-12-11 13:42:25,777 WARNING log Not Found: /favicon.ico
2023-12-12 09:17:42,392 INFO autoreload Watching for file changes with StatReloader
2023-12-12 09:17:44,437 WARNING log Not Found: /favicon.ico
2023-12-12 09:30:20,359 INFO autoreload C:\Users\daini\PycharmProjects\Python_baigiamasis_PTU17\foodonline\admin.py changed, reloading.
2023-12-12 09:30:20,873 INFO autoreload Watching for file changes with StatReloader
2023-12-12 10:00:46,821 INFO autoreload Watching for file changes with StatReloader
2023-12-12 10:05:48,543 INFO autoreload C:\Users\daini\PycharmProjects\Python_baigiamasis_PTU17\foodonline\price_update.py changed, reloading.
2023-12-12 10:05:49,006 INFO autoreload Watching for file changes with StatReloader
2023-12-12 10:05:50,913 INFO autoreload Watching for file changes with StatReloader
2023-12-12 13:09:02,488 INFO autoreload C:\Users\daini\PycharmProjects\Python_baigiamasis_PTU17\foodonline\scraping.py changed, reloading.
2023-12-12 13:09:03,618 INFO autoreload Watching for file changes with StatReloader
2023-12-12 13:17:22,714 INFO autoreload C:\Users\daini\PycharmProjects\Python_baigiamasis_PTU17\foodonline\scraping.py changed, reloading.
2023-12-12 13:17:23,173 INFO autoreload Watching for file changes with StatReloader
2023-12-12 13:17:36,646 INFO autoreload C:\Users\daini\PycharmProjects\Python_baigiamasis_PTU17\foodonline\scraping.py changed, reloading.
2023-12-12 13:17:37,152 INFO autoreload Watching for file changes with StatReloader
2023-12-12 13:19:11,539 INFO autoreload C:\Users\daini\PycharmProjects\Python_baigiamasis_PTU17\foodonline\scraping.py changed, reloading.
2023-12-12 13:19:12,065 INFO autoreload Watching for file changes with StatReloader
2023-12-12 13:22:01,055 INFO autoreload C:\Users\daini\PycharmProjects\Python_baigiamasis_PTU17\foodonline\scraping.py changed, reloading.
2023-12-12 13:22:01,538 INFO autoreload Watching for file changes with StatReloader
2023-12-12 13:22:03,842 INFO autoreload Watching for file changes with StatReloader
2023-12-12 13:22:10,136 INFO price_update Starting product price update...
2023-12-12 13:22:10,138 INFO price_update Updating prices for product: DVARO pienas, 2,5 % rieb., 2 l
2023-12-12 13:22:14,858 INFO price_update Prices updated for product: DVARO pienas, 2,5 % rieb., 2 l
2023-12-12 13:22:14,858 INFO price_update Updating prices for product: DVARO kefyras, 2,5% rieb., 900 g
2023-12-12 13:22:18,779 INFO price_update Prices updated for product: DVARO kefyras, 2,5% rieb., 900 g
2023-12-12 13:22:18,779 INFO price_update Updating prices for product: Bananai, 1 kg
2023-12-12 13:22:22,891 INFO price_update Prices updated for product: Bananai, 1 kg
2023-12-12 13:23:17,316 INFO autoreload Watching for file changes with StatReloader
2023-12-12 13:24:01,197 ERROR scraping Error in scrap_product_name: 'str' object has no attribute 'url'
2023-12-12 13:24:04,786 ERROR scraping Error in scrap_product_image: 'str' object has no attribute 'url'
2023-12-12 13:24:08,015 ERROR views Error in all_product view: The 'image' attribute has no file associated with it.
2023-12-12 13:24:08,031 ERROR log Internal Server Error: /all_products
Traceback (most recent call last):
  File "C:\Users\daini\PycharmProjects\Python_baigiamasis_PTU17\venv\Lib\site-packages\django\core\handlers\exception.py", line 55, in inner
    response = get_response(request)
               ^^^^^^^^^^^^^^^^^^^^^
  File "C:\Users\daini\PycharmProjects\Python_baigiamasis_PTU17\venv\Lib\site-packages\django\core\handlers\base.py", line 204, in _get_response
    self.check_response(response, callback)
  File "C:\Users\daini\PycharmProjects\Python_baigiamasis_PTU17\venv\Lib\site-packages\django\core\handlers\base.py", line 332, in check_response
    raise ValueError(
ValueError: The view foodonline.views.all_products didn't return an HttpResponse object. It returned None instead.
2023-12-12 13:25:16,074 INFO autoreload Watching for file changes with StatReloader
2023-12-12 13:27:49,827 INFO autoreload Watching for file changes with StatReloader
2023-12-12 13:29:33,249 ERROR scraping Error in scrap_product_name: 'str' object has no attribute 'url'
2023-12-12 13:29:39,759 ERROR scraping Error in scrap_product_image: 'str' object has no attribute 'url'
2023-12-12 13:29:42,715 ERROR views Error in all_product view: The 'image' attribute has no file associated with it.
2023-12-12 13:29:42,732 ERROR log Internal Server Error: /all_products
Traceback (most recent call last):
  File "C:\Users\daini\PycharmProjects\Python_baigiamasis_PTU17\venv\Lib\site-packages\django\core\handlers\exception.py", line 55, in inner
    response = get_response(request)
               ^^^^^^^^^^^^^^^^^^^^^
  File "C:\Users\daini\PycharmProjects\Python_baigiamasis_PTU17\venv\Lib\site-packages\django\core\handlers\base.py", line 204, in _get_response
    self.check_response(response, callback)
  File "C:\Users\daini\PycharmProjects\Python_baigiamasis_PTU17\venv\Lib\site-packages\django\core\handlers\base.py", line 332, in check_response
    raise ValueError(
ValueError: The view foodonline.views.all_products didn't return an HttpResponse object. It returned None instead.
2023-12-12 13:30:12,500 ERROR scraping Error in scrap_product_name: 'str' object has no attribute 'url'
2023-12-12 13:30:15,572 ERROR scraping Error in scrap_product_image: 'str' object has no attribute 'url'
2023-12-12 13:36:24,046 INFO autoreload C:\Users\daini\PycharmProjects\Python_baigiamasis_PTU17\foodonline\scraping.py changed, reloading.
2023-12-12 13:36:24,559 INFO autoreload Watching for file changes with StatReloader
2023-12-12 13:36:41,271 INFO autoreload C:\Users\daini\PycharmProjects\Python_baigiamasis_PTU17\foodonline\scraping.py changed, reloading.
2023-12-12 13:36:41,770 INFO autoreload Watching for file changes with StatReloader
2023-12-12 13:40:48,167 INFO autoreload Watching for file changes with StatReloader
2023-12-12 14:09:17,225 ERROR scraping Error in scrap_product_name: 'str' object has no attribute 'url'
2023-12-12 14:09:20,543 ERROR scraping Error in scrap_product_image: 'str' object has no attribute 'url'
2023-12-12 14:32:40,756 INFO autoreload C:\Users\daini\PycharmProjects\Python_baigiamasis_PTU17\foodonline\admin.py changed, reloading.
2023-12-12 14:32:41,345 INFO autoreload Watching for file changes with StatReloader
2023-12-12 14:33:40,344 INFO scraping Image download was successful
2023-12-12 14:34:17,579 ERROR views Error in all_product view: The 'image' attribute has no file associated with it.
2023-12-12 14:34:17,596 ERROR log Internal Server Error: /all_products
Traceback (most recent call last):
  File "C:\Users\daini\PycharmProjects\Python_baigiamasis_PTU17\venv\Lib\site-packages\django\core\handlers\exception.py", line 55, in inner
    response = get_response(request)
               ^^^^^^^^^^^^^^^^^^^^^
  File "C:\Users\daini\PycharmProjects\Python_baigiamasis_PTU17\venv\Lib\site-packages\django\core\handlers\base.py", line 204, in _get_response
    self.check_response(response, callback)
  File "C:\Users\daini\PycharmProjects\Python_baigiamasis_PTU17\venv\Lib\site-packages\django\core\handlers\base.py", line 332, in check_response
    raise ValueError(
ValueError: The view foodonline.views.all_products didn't return an HttpResponse object. It returned None instead.
2023-12-12 14:34:26,964 ERROR views Error in all_product view: The 'image' attribute has no file associated with it.
2023-12-12 14:34:26,979 ERROR log Internal Server Error: /all_products
Traceback (most recent call last):
  File "C:\Users\daini\PycharmProjects\Python_baigiamasis_PTU17\venv\Lib\site-packages\django\core\handlers\exception.py", line 55, in inner
    response = get_response(request)
               ^^^^^^^^^^^^^^^^^^^^^
  File "C:\Users\daini\PycharmProjects\Python_baigiamasis_PTU17\venv\Lib\site-packages\django\core\handlers\base.py", line 204, in _get_response
    self.check_response(response, callback)
  File "C:\Users\daini\PycharmProjects\Python_baigiamasis_PTU17\venv\Lib\site-packages\django\core\handlers\base.py", line 332, in check_response
    raise ValueError(
ValueError: The view foodonline.views.all_products didn't return an HttpResponse object. It returned None instead.
2023-12-12 14:41:59,293 INFO autoreload C:\Users\daini\PycharmProjects\Python_baigiamasis_PTU17\foodonline\admin.py changed, reloading.
2023-12-12 14:41:59,817 INFO autoreload Watching for file changes with StatReloader
2023-12-12 14:46:55,461 INFO autoreload C:\Users\daini\PycharmProjects\Python_baigiamasis_PTU17\foodonline\admin.py changed, reloading.
2023-12-12 14:46:55,947 INFO autoreload Watching for file changes with StatReloader
2023-12-12 14:47:16,214 ERROR scraping Error in scrap_product_image: 'str' object has no attribute 'url'
2023-12-12 14:48:02,354 INFO autoreload Watching for file changes with StatReloader
2023-12-12 14:48:16,754 ERROR scraping Error in scrap_product_image: 'str' object has no attribute 'url'
2023-12-12 14:49:26,254 INFO autoreload Watching for file changes with StatReloader
2023-12-12 14:49:38,390 INFO autoreload Watching for file changes with StatReloader
2023-12-12 14:49:58,968 ERROR scraping Error in scrap_product_image: 'str' object has no attribute 'url'
2023-12-12 14:50:27,430 INFO autoreload Watching for file changes with StatReloader
2023-12-12 14:50:44,327 INFO scraping Image download was successful
2023-12-12 14:51:26,680 INFO autoreload Watching for file changes with StatReloader
2023-12-12 14:51:48,477 INFO autoreload C:\Users\daini\PycharmProjects\Python_baigiamasis_PTU17\foodonline\admin.py changed, reloading.
2023-12-12 14:51:48,975 INFO autoreload Watching for file changes with StatReloader
2023-12-12 14:52:03,974 INFO scraping Image download was successful
2023-12-12 14:52:53,193 INFO autoreload Watching for file changes with StatReloader
2023-12-12 14:53:15,720 ERROR admin Error in update_prices view: save() prohibited to prevent data loss due to unsaved related object 'product'.
2023-12-12 14:53:39,548 ERROR admin Error in update_prices view: save() prohibited to prevent data loss due to unsaved related object 'product'.
2023-12-12 14:54:21,205 INFO autoreload Watching for file changes with StatReloader
2023-12-12 14:54:37,776 INFO scraping Image download was successful
2023-12-12 14:55:51,833 INFO autoreload Watching for file changes with StatReloader
2023-12-12 14:56:47,439 INFO scraping Image download was successful
2023-12-12 14:56:59,089 INFO price_update Starting product price update...
2023-12-12 14:56:59,090 INFO price_update Updating prices for product: DVARO pienas, 2,5 % rieb., 2 l
2023-12-12 14:57:02,546 INFO price_update Prices updated for product: DVARO pienas, 2,5 % rieb., 2 l
2023-12-12 14:57:02,546 INFO price_update Updating prices for product: Bananai, 1 kg
2023-12-12 14:57:05,280 INFO price_update Prices updated for product: Bananai, 1 kg
2023-12-12 14:57:13,306 INFO price_update Updating prices for product: DVARO kefyras, 2,5% rieb., 900 g
2023-12-12 14:57:16,476 INFO price_update Prices updated for product: DVARO kefyras, 2,5% rieb., 900 g
2023-12-12 15:07:20,878 INFO autoreload Watching for file changes with StatReloader
2023-12-12 15:08:06,835 INFO autoreload Watching for file changes with StatReloader
2023-12-12 15:08:40,136 INFO autoreload Watching for file changes with StatReloader
2023-12-12 15:09:03,076 INFO autoreload Watching for file changes with StatReloader
2023-12-12 15:09:28,529 INFO autoreload Watching for file changes with StatReloader
2023-12-12 15:10:05,659 ERROR scraping Error in scrap_product_name: 'str' object has no attribute 'url'
2023-12-12 15:10:08,920 ERROR scraping Error in aibe_scrap: 'NoneType' object has no attribute 'text'
2023-12-12 15:10:08,921 ERROR scraping Error in scrap_product_image: 'str' object has no attribute 'url'
2023-12-12 15:10:11,702 ERROR views Error in all_product view: The 'image' attribute has no file associated with it.
2023-12-12 15:10:11,751 ERROR log Internal Server Error: /all_products
Traceback (most recent call last):
  File "C:\Users\daini\PycharmProjects\Python_baigiamasis_PTU17\venv\Lib\site-packages\django\core\handlers\exception.py", line 55, in inner
    response = get_response(request)
               ^^^^^^^^^^^^^^^^^^^^^
  File "C:\Users\daini\PycharmProjects\Python_baigiamasis_PTU17\venv\Lib\site-packages\django\core\handlers\base.py", line 204, in _get_response
    self.check_response(response, callback)
  File "C:\Users\daini\PycharmProjects\Python_baigiamasis_PTU17\venv\Lib\site-packages\django\core\handlers\base.py", line 332, in check_response
    raise ValueError(
ValueError: The view foodonline.views.all_products didn't return an HttpResponse object. It returned None instead.
2023-12-12 15:11:36,025 INFO autoreload C:\Users\daini\PycharmProjects\Python_baigiamasis_PTU17\foodonline\views.py changed, reloading.
2023-12-12 15:11:36,512 INFO autoreload Watching for file changes with StatReloader
2023-12-12 15:12:55,296 ERROR scraping Error in scrape_by_domain: argument of type 'Scraping' is not iterable
2023-12-12 15:12:55,296 ERROR scraping Error in scrape_by_domain: argument of type 'Scraping' is not iterable
2023-12-12 15:12:55,296 ERROR scraping Error in scrape_by_domain: argument of type 'Scraping' is not iterable
2023-12-12 15:12:56,137 INFO scraping Image download was successful
2023-12-12 15:14:09,704 INFO autoreload Watching for file changes with StatReloader
2023-12-12 15:14:34,048 INFO scraping Image download was successful
2023-12-12 15:47:14,576 INFO autoreload Watching for file changes with StatReloader
2023-12-12 16:04:24,038 INFO autoreload Watching for file changes with StatReloader
2023-12-12 16:04:26,606 ERROR views Error in all_product view: Invalid block tag on line 15: ''foodonline/media/foodonline_logo.svg''. Did you forget to register or load this tag?
2023-12-12 16:04:26,628 ERROR log Internal Server Error: /all_products
Traceback (most recent call last):
  File "C:\Users\daini\PycharmProjects\Python_baigiamasis_PTU17\venv\Lib\site-packages\django\core\handlers\exception.py", line 55, in inner
    response = get_response(request)
               ^^^^^^^^^^^^^^^^^^^^^
  File "C:\Users\daini\PycharmProjects\Python_baigiamasis_PTU17\venv\Lib\site-packages\django\core\handlers\base.py", line 204, in _get_response
    self.check_response(response, callback)
  File "C:\Users\daini\PycharmProjects\Python_baigiamasis_PTU17\venv\Lib\site-packages\django\core\handlers\base.py", line 332, in check_response
    raise ValueError(
ValueError: The view foodonline.views.all_products didn't return an HttpResponse object. It returned None instead.
2023-12-12 16:04:27,325 ERROR views Error in all_product view: Invalid block tag on line 15: ''foodonline/media/foodonline_logo.svg''. Did you forget to register or load this tag?
2023-12-12 16:04:27,339 ERROR log Internal Server Error: /all_products
Traceback (most recent call last):
  File "C:\Users\daini\PycharmProjects\Python_baigiamasis_PTU17\venv\Lib\site-packages\django\core\handlers\exception.py", line 55, in inner
    response = get_response(request)
               ^^^^^^^^^^^^^^^^^^^^^
  File "C:\Users\daini\PycharmProjects\Python_baigiamasis_PTU17\venv\Lib\site-packages\django\core\handlers\base.py", line 204, in _get_response
    self.check_response(response, callback)
  File "C:\Users\daini\PycharmProjects\Python_baigiamasis_PTU17\venv\Lib\site-packages\django\core\handlers\base.py", line 332, in check_response
    raise ValueError(
ValueError: The view foodonline.views.all_products didn't return an HttpResponse object. It returned None instead.
2023-12-12 16:04:57,405 INFO autoreload Watching for file changes with StatReloader
2023-12-12 16:04:57,631 ERROR views Error in all_product view: Invalid block tag on line 15: ''foodonline//media//foodonline_logo.svg''. Did you forget to register or load this tag?
2023-12-12 16:04:57,652 ERROR log Internal Server Error: /all_products
Traceback (most recent call last):
  File "C:\Users\daini\PycharmProjects\Python_baigiamasis_PTU17\venv\Lib\site-packages\django\core\handlers\exception.py", line 55, in inner
    response = get_response(request)
               ^^^^^^^^^^^^^^^^^^^^^
  File "C:\Users\daini\PycharmProjects\Python_baigiamasis_PTU17\venv\Lib\site-packages\django\core\handlers\base.py", line 204, in _get_response
    self.check_response(response, callback)
  File "C:\Users\daini\PycharmProjects\Python_baigiamasis_PTU17\venv\Lib\site-packages\django\core\handlers\base.py", line 332, in check_response
    raise ValueError(
ValueError: The view foodonline.views.all_products didn't return an HttpResponse object. It returned None instead.
2023-12-12 16:04:58,063 ERROR views Error in all_product view: Invalid block tag on line 15: ''foodonline//media//foodonline_logo.svg''. Did you forget to register or load this tag?
2023-12-12 16:04:58,078 ERROR log Internal Server Error: /all_products
Traceback (most recent call last):
  File "C:\Users\daini\PycharmProjects\Python_baigiamasis_PTU17\venv\Lib\site-packages\django\core\handlers\exception.py", line 55, in inner
    response = get_response(request)
               ^^^^^^^^^^^^^^^^^^^^^
  File "C:\Users\daini\PycharmProjects\Python_baigiamasis_PTU17\venv\Lib\site-packages\django\core\handlers\base.py", line 204, in _get_response
    self.check_response(response, callback)
  File "C:\Users\daini\PycharmProjects\Python_baigiamasis_PTU17\venv\Lib\site-packages\django\core\handlers\base.py", line 332, in check_response
    raise ValueError(
ValueError: The view foodonline.views.all_products didn't return an HttpResponse object. It returned None instead.
2023-12-12 16:04:58,254 ERROR views Error in all_product view: Invalid block tag on line 15: ''foodonline//media//foodonline_logo.svg''. Did you forget to register or load this tag?
2023-12-12 16:04:58,269 ERROR log Internal Server Error: /all_products
Traceback (most recent call last):
  File "C:\Users\daini\PycharmProjects\Python_baigiamasis_PTU17\venv\Lib\site-packages\django\core\handlers\exception.py", line 55, in inner
    response = get_response(request)
               ^^^^^^^^^^^^^^^^^^^^^
  File "C:\Users\daini\PycharmProjects\Python_baigiamasis_PTU17\venv\Lib\site-packages\django\core\handlers\base.py", line 204, in _get_response
    self.check_response(response, callback)
  File "C:\Users\daini\PycharmProjects\Python_baigiamasis_PTU17\venv\Lib\site-packages\django\core\handlers\base.py", line 332, in check_response
    raise ValueError(
ValueError: The view foodonline.views.all_products didn't return an HttpResponse object. It returned None instead.
2023-12-12 16:05:58,414 INFO autoreload Watching for file changes with StatReloader
2023-12-12 16:05:58,755 ERROR views Error in all_product view: Invalid block tag on line 16: ''foodonline//media//foodonline_logo.svg''. Did you forget to register or load this tag?
2023-12-12 16:05:58,775 ERROR log Internal Server Error: /all_products
Traceback (most recent call last):
  File "C:\Users\daini\PycharmProjects\Python_baigiamasis_PTU17\venv\Lib\site-packages\django\core\handlers\exception.py", line 55, in inner
    response = get_response(request)
               ^^^^^^^^^^^^^^^^^^^^^
  File "C:\Users\daini\PycharmProjects\Python_baigiamasis_PTU17\venv\Lib\site-packages\django\core\handlers\base.py", line 204, in _get_response
    self.check_response(response, callback)
  File "C:\Users\daini\PycharmProjects\Python_baigiamasis_PTU17\venv\Lib\site-packages\django\core\handlers\base.py", line 332, in check_response
    raise ValueError(
ValueError: The view foodonline.views.all_products didn't return an HttpResponse object. It returned None instead.
2023-12-12 16:05:59,232 ERROR views Error in all_product view: Invalid block tag on line 16: ''foodonline//media//foodonline_logo.svg''. Did you forget to register or load this tag?
2023-12-12 16:05:59,247 ERROR log Internal Server Error: /all_products
Traceback (most recent call last):
  File "C:\Users\daini\PycharmProjects\Python_baigiamasis_PTU17\venv\Lib\site-packages\django\core\handlers\exception.py", line 55, in inner
    response = get_response(request)
               ^^^^^^^^^^^^^^^^^^^^^
  File "C:\Users\daini\PycharmProjects\Python_baigiamasis_PTU17\venv\Lib\site-packages\django\core\handlers\base.py", line 204, in _get_response
    self.check_response(response, callback)
  File "C:\Users\daini\PycharmProjects\Python_baigiamasis_PTU17\venv\Lib\site-packages\django\core\handlers\base.py", line 332, in check_response
    raise ValueError(
ValueError: The view foodonline.views.all_products didn't return an HttpResponse object. It returned None instead.
2023-12-12 16:05:59,629 ERROR views Error in all_product view: Invalid block tag on line 16: ''foodonline//media//foodonline_logo.svg''. Did you forget to register or load this tag?
2023-12-12 16:05:59,646 ERROR log Internal Server Error: /all_products
Traceback (most recent call last):
  File "C:\Users\daini\PycharmProjects\Python_baigiamasis_PTU17\venv\Lib\site-packages\django\core\handlers\exception.py", line 55, in inner
    response = get_response(request)
               ^^^^^^^^^^^^^^^^^^^^^
  File "C:\Users\daini\PycharmProjects\Python_baigiamasis_PTU17\venv\Lib\site-packages\django\core\handlers\base.py", line 204, in _get_response
    self.check_response(response, callback)
  File "C:\Users\daini\PycharmProjects\Python_baigiamasis_PTU17\venv\Lib\site-packages\django\core\handlers\base.py", line 332, in check_response
    raise ValueError(
ValueError: The view foodonline.views.all_products didn't return an HttpResponse object. It returned None instead.
2023-12-12 16:05:59,913 ERROR views Error in all_product view: Invalid block tag on line 16: ''foodonline//media//foodonline_logo.svg''. Did you forget to register or load this tag?
2023-12-12 16:05:59,928 ERROR log Internal Server Error: /all_products
Traceback (most recent call last):
  File "C:\Users\daini\PycharmProjects\Python_baigiamasis_PTU17\venv\Lib\site-packages\django\core\handlers\exception.py", line 55, in inner
    response = get_response(request)
               ^^^^^^^^^^^^^^^^^^^^^
  File "C:\Users\daini\PycharmProjects\Python_baigiamasis_PTU17\venv\Lib\site-packages\django\core\handlers\base.py", line 204, in _get_response
    self.check_response(response, callback)
  File "C:\Users\daini\PycharmProjects\Python_baigiamasis_PTU17\venv\Lib\site-packages\django\core\handlers\base.py", line 332, in check_response
    raise ValueError(
ValueError: The view foodonline.views.all_products didn't return an HttpResponse object. It returned None instead.
2023-12-12 16:06:00,149 ERROR views Error in all_product view: Invalid block tag on line 16: ''foodonline//media//foodonline_logo.svg''. Did you forget to register or load this tag?
2023-12-12 16:06:00,164 ERROR log Internal Server Error: /all_products
Traceback (most recent call last):
  File "C:\Users\daini\PycharmProjects\Python_baigiamasis_PTU17\venv\Lib\site-packages\django\core\handlers\exception.py", line 55, in inner
    response = get_response(request)
               ^^^^^^^^^^^^^^^^^^^^^
  File "C:\Users\daini\PycharmProjects\Python_baigiamasis_PTU17\venv\Lib\site-packages\django\core\handlers\base.py", line 204, in _get_response
    self.check_response(response, callback)
  File "C:\Users\daini\PycharmProjects\Python_baigiamasis_PTU17\venv\Lib\site-packages\django\core\handlers\base.py", line 332, in check_response
    raise ValueError(
ValueError: The view foodonline.views.all_products didn't return an HttpResponse object. It returned None instead.
2023-12-12 16:06:11,892 INFO autoreload Watching for file changes with StatReloader
2023-12-12 16:06:12,838 ERROR views Error in all_product view: Invalid block tag on line 16: ''foodonline/media/foodonline_logo.svg''. Did you forget to register or load this tag?
2023-12-12 16:06:12,861 ERROR log Internal Server Error: /all_products
Traceback (most recent call last):
  File "C:\Users\daini\PycharmProjects\Python_baigiamasis_PTU17\venv\Lib\site-packages\django\core\handlers\exception.py", line 55, in inner
    response = get_response(request)
               ^^^^^^^^^^^^^^^^^^^^^
  File "C:\Users\daini\PycharmProjects\Python_baigiamasis_PTU17\venv\Lib\site-packages\django\core\handlers\base.py", line 204, in _get_response
    self.check_response(response, callback)
  File "C:\Users\daini\PycharmProjects\Python_baigiamasis_PTU17\venv\Lib\site-packages\django\core\handlers\base.py", line 332, in check_response
    raise ValueError(
ValueError: The view foodonline.views.all_products didn't return an HttpResponse object. It returned None instead.
2023-12-12 16:06:13,327 ERROR views Error in all_product view: Invalid block tag on line 16: ''foodonline/media/foodonline_logo.svg''. Did you forget to register or load this tag?
2023-12-12 16:06:13,344 ERROR log Internal Server Error: /all_products
Traceback (most recent call last):
  File "C:\Users\daini\PycharmProjects\Python_baigiamasis_PTU17\venv\Lib\site-packages\django\core\handlers\exception.py", line 55, in inner
    response = get_response(request)
               ^^^^^^^^^^^^^^^^^^^^^
  File "C:\Users\daini\PycharmProjects\Python_baigiamasis_PTU17\venv\Lib\site-packages\django\core\handlers\base.py", line 204, in _get_response
    self.check_response(response, callback)
  File "C:\Users\daini\PycharmProjects\Python_baigiamasis_PTU17\venv\Lib\site-packages\django\core\handlers\base.py", line 332, in check_response
    raise ValueError(
ValueError: The view foodonline.views.all_products didn't return an HttpResponse object. It returned None instead.
2023-12-12 16:06:21,593 INFO autoreload Watching for file changes with StatReloader
2023-12-12 16:06:21,688 ERROR views Error in all_product view: Invalid block tag on line 16: ''/media/foodonline_logo.svg''. Did you forget to register or load this tag?
2023-12-12 16:06:21,711 ERROR log Internal Server Error: /all_products
Traceback (most recent call last):
  File "C:\Users\daini\PycharmProjects\Python_baigiamasis_PTU17\venv\Lib\site-packages\django\core\handlers\exception.py", line 55, in inner
    response = get_response(request)
               ^^^^^^^^^^^^^^^^^^^^^
  File "C:\Users\daini\PycharmProjects\Python_baigiamasis_PTU17\venv\Lib\site-packages\django\core\handlers\base.py", line 204, in _get_response
    self.check_response(response, callback)
  File "C:\Users\daini\PycharmProjects\Python_baigiamasis_PTU17\venv\Lib\site-packages\django\core\handlers\base.py", line 332, in check_response
    raise ValueError(
ValueError: The view foodonline.views.all_products didn't return an HttpResponse object. It returned None instead.
2023-12-12 16:06:22,036 ERROR views Error in all_product view: Invalid block tag on line 16: ''/media/foodonline_logo.svg''. Did you forget to register or load this tag?
2023-12-12 16:06:22,051 ERROR log Internal Server Error: /all_products
Traceback (most recent call last):
  File "C:\Users\daini\PycharmProjects\Python_baigiamasis_PTU17\venv\Lib\site-packages\django\core\handlers\exception.py", line 55, in inner
    response = get_response(request)
               ^^^^^^^^^^^^^^^^^^^^^
  File "C:\Users\daini\PycharmProjects\Python_baigiamasis_PTU17\venv\Lib\site-packages\django\core\handlers\base.py", line 204, in _get_response
    self.check_response(response, callback)
  File "C:\Users\daini\PycharmProjects\Python_baigiamasis_PTU17\venv\Lib\site-packages\django\core\handlers\base.py", line 332, in check_response
    raise ValueError(
ValueError: The view foodonline.views.all_products didn't return an HttpResponse object. It returned None instead.
2023-12-12 16:06:22,260 ERROR views Error in all_product view: Invalid block tag on line 16: ''/media/foodonline_logo.svg''. Did you forget to register or load this tag?
2023-12-12 16:06:22,276 ERROR log Internal Server Error: /all_products
Traceback (most recent call last):
  File "C:\Users\daini\PycharmProjects\Python_baigiamasis_PTU17\venv\Lib\site-packages\django\core\handlers\exception.py", line 55, in inner
    response = get_response(request)
               ^^^^^^^^^^^^^^^^^^^^^
  File "C:\Users\daini\PycharmProjects\Python_baigiamasis_PTU17\venv\Lib\site-packages\django\core\handlers\base.py", line 204, in _get_response
    self.check_response(response, callback)
  File "C:\Users\daini\PycharmProjects\Python_baigiamasis_PTU17\venv\Lib\site-packages\django\core\handlers\base.py", line 332, in check_response
    raise ValueError(
ValueError: The view foodonline.views.all_products didn't return an HttpResponse object. It returned None instead.
2023-12-12 16:06:25,739 INFO autoreload Watching for file changes with StatReloader
2023-12-12 16:06:26,018 ERROR views Error in all_product view: Invalid block tag on line 16: ''media/foodonline_logo.svg''. Did you forget to register or load this tag?
2023-12-12 16:06:26,038 ERROR log Internal Server Error: /all_products
Traceback (most recent call last):
  File "C:\Users\daini\PycharmProjects\Python_baigiamasis_PTU17\venv\Lib\site-packages\django\core\handlers\exception.py", line 55, in inner
    response = get_response(request)
               ^^^^^^^^^^^^^^^^^^^^^
  File "C:\Users\daini\PycharmProjects\Python_baigiamasis_PTU17\venv\Lib\site-packages\django\core\handlers\base.py", line 204, in _get_response
    self.check_response(response, callback)
  File "C:\Users\daini\PycharmProjects\Python_baigiamasis_PTU17\venv\Lib\site-packages\django\core\handlers\base.py", line 332, in check_response
    raise ValueError(
ValueError: The view foodonline.views.all_products didn't return an HttpResponse object. It returned None instead.
2023-12-12 16:06:26,560 ERROR views Error in all_product view: Invalid block tag on line 16: ''media/foodonline_logo.svg''. Did you forget to register or load this tag?
2023-12-12 16:06:26,575 ERROR log Internal Server Error: /all_products
Traceback (most recent call last):
  File "C:\Users\daini\PycharmProjects\Python_baigiamasis_PTU17\venv\Lib\site-packages\django\core\handlers\exception.py", line 55, in inner
    response = get_response(request)
               ^^^^^^^^^^^^^^^^^^^^^
  File "C:\Users\daini\PycharmProjects\Python_baigiamasis_PTU17\venv\Lib\site-packages\django\core\handlers\base.py", line 204, in _get_response
    self.check_response(response, callback)
  File "C:\Users\daini\PycharmProjects\Python_baigiamasis_PTU17\venv\Lib\site-packages\django\core\handlers\base.py", line 332, in check_response
    raise ValueError(
ValueError: The view foodonline.views.all_products didn't return an HttpResponse object. It returned None instead.
2023-12-12 16:06:42,818 INFO autoreload Watching for file changes with StatReloader
2023-12-12 16:07:08,345 INFO autoreload Watching for file changes with StatReloader
2023-12-12 16:07:08,485 ERROR views Error in all_product view: Invalid block tag on line 23: ''media/foodonline_logo.svg''. Did you forget to register or load this tag?
2023-12-12 16:07:08,509 ERROR log Internal Server Error: /all_products
Traceback (most recent call last):
  File "C:\Users\daini\PycharmProjects\Python_baigiamasis_PTU17\venv\Lib\site-packages\django\core\handlers\exception.py", line 55, in inner
    response = get_response(request)
               ^^^^^^^^^^^^^^^^^^^^^
  File "C:\Users\daini\PycharmProjects\Python_baigiamasis_PTU17\venv\Lib\site-packages\django\core\handlers\base.py", line 204, in _get_response
    self.check_response(response, callback)
  File "C:\Users\daini\PycharmProjects\Python_baigiamasis_PTU17\venv\Lib\site-packages\django\core\handlers\base.py", line 332, in check_response
    raise ValueError(
ValueError: The view foodonline.views.all_products didn't return an HttpResponse object. It returned None instead.
2023-12-12 16:07:09,095 ERROR views Error in all_product view: Invalid block tag on line 23: ''media/foodonline_logo.svg''. Did you forget to register or load this tag?
2023-12-12 16:07:09,111 ERROR log Internal Server Error: /all_products
Traceback (most recent call last):
  File "C:\Users\daini\PycharmProjects\Python_baigiamasis_PTU17\venv\Lib\site-packages\django\core\handlers\exception.py", line 55, in inner
    response = get_response(request)
               ^^^^^^^^^^^^^^^^^^^^^
  File "C:\Users\daini\PycharmProjects\Python_baigiamasis_PTU17\venv\Lib\site-packages\django\core\handlers\base.py", line 204, in _get_response
    self.check_response(response, callback)
  File "C:\Users\daini\PycharmProjects\Python_baigiamasis_PTU17\venv\Lib\site-packages\django\core\handlers\base.py", line 332, in check_response
    raise ValueError(
ValueError: The view foodonline.views.all_products didn't return an HttpResponse object. It returned None instead.
2023-12-12 16:07:09,318 ERROR views Error in all_product view: Invalid block tag on line 23: ''media/foodonline_logo.svg''. Did you forget to register or load this tag?
2023-12-12 16:07:09,334 ERROR log Internal Server Error: /all_products
Traceback (most recent call last):
  File "C:\Users\daini\PycharmProjects\Python_baigiamasis_PTU17\venv\Lib\site-packages\django\core\handlers\exception.py", line 55, in inner
    response = get_response(request)
               ^^^^^^^^^^^^^^^^^^^^^
  File "C:\Users\daini\PycharmProjects\Python_baigiamasis_PTU17\venv\Lib\site-packages\django\core\handlers\base.py", line 204, in _get_response
    self.check_response(response, callback)
  File "C:\Users\daini\PycharmProjects\Python_baigiamasis_PTU17\venv\Lib\site-packages\django\core\handlers\base.py", line 332, in check_response
    raise ValueError(
ValueError: The view foodonline.views.all_products didn't return an HttpResponse object. It returned None instead.
2023-12-12 16:07:30,676 INFO autoreload Watching for file changes with StatReloader
2023-12-12 16:07:31,088 ERROR views Error in all_product view: Invalid block tag on line 26: ''media/foodonline_logo.svg''. Did you forget to register or load this tag?
2023-12-12 16:07:31,110 ERROR log Internal Server Error: /all_products
Traceback (most recent call last):
  File "C:\Users\daini\PycharmProjects\Python_baigiamasis_PTU17\venv\Lib\site-packages\django\core\handlers\exception.py", line 55, in inner
    response = get_response(request)
               ^^^^^^^^^^^^^^^^^^^^^
  File "C:\Users\daini\PycharmProjects\Python_baigiamasis_PTU17\venv\Lib\site-packages\django\core\handlers\base.py", line 204, in _get_response
    self.check_response(response, callback)
  File "C:\Users\daini\PycharmProjects\Python_baigiamasis_PTU17\venv\Lib\site-packages\django\core\handlers\base.py", line 332, in check_response
    raise ValueError(
ValueError: The view foodonline.views.all_products didn't return an HttpResponse object. It returned None instead.
2023-12-12 16:07:31,477 ERROR views Error in all_product view: Invalid block tag on line 26: ''media/foodonline_logo.svg''. Did you forget to register or load this tag?
2023-12-12 16:07:31,492 ERROR log Internal Server Error: /all_products
Traceback (most recent call last):
  File "C:\Users\daini\PycharmProjects\Python_baigiamasis_PTU17\venv\Lib\site-packages\django\core\handlers\exception.py", line 55, in inner
    response = get_response(request)
               ^^^^^^^^^^^^^^^^^^^^^
  File "C:\Users\daini\PycharmProjects\Python_baigiamasis_PTU17\venv\Lib\site-packages\django\core\handlers\base.py", line 204, in _get_response
    self.check_response(response, callback)
  File "C:\Users\daini\PycharmProjects\Python_baigiamasis_PTU17\venv\Lib\site-packages\django\core\handlers\base.py", line 332, in check_response
    raise ValueError(
ValueError: The view foodonline.views.all_products didn't return an HttpResponse object. It returned None instead.
2023-12-12 16:07:31,696 ERROR views Error in all_product view: Invalid block tag on line 26: ''media/foodonline_logo.svg''. Did you forget to register or load this tag?
2023-12-12 16:07:31,712 ERROR log Internal Server Error: /all_products
Traceback (most recent call last):
  File "C:\Users\daini\PycharmProjects\Python_baigiamasis_PTU17\venv\Lib\site-packages\django\core\handlers\exception.py", line 55, in inner
    response = get_response(request)
               ^^^^^^^^^^^^^^^^^^^^^
  File "C:\Users\daini\PycharmProjects\Python_baigiamasis_PTU17\venv\Lib\site-packages\django\core\handlers\base.py", line 204, in _get_response
    self.check_response(response, callback)
  File "C:\Users\daini\PycharmProjects\Python_baigiamasis_PTU17\venv\Lib\site-packages\django\core\handlers\base.py", line 332, in check_response
    raise ValueError(
ValueError: The view foodonline.views.all_products didn't return an HttpResponse object. It returned None instead.
2023-12-12 16:07:31,885 ERROR views Error in all_product view: Invalid block tag on line 26: ''media/foodonline_logo.svg''. Did you forget to register or load this tag?
2023-12-12 16:07:31,899 ERROR log Internal Server Error: /all_products
Traceback (most recent call last):
  File "C:\Users\daini\PycharmProjects\Python_baigiamasis_PTU17\venv\Lib\site-packages\django\core\handlers\exception.py", line 55, in inner
    response = get_response(request)
               ^^^^^^^^^^^^^^^^^^^^^
  File "C:\Users\daini\PycharmProjects\Python_baigiamasis_PTU17\venv\Lib\site-packages\django\core\handlers\base.py", line 204, in _get_response
    self.check_response(response, callback)
  File "C:\Users\daini\PycharmProjects\Python_baigiamasis_PTU17\venv\Lib\site-packages\django\core\handlers\base.py", line 332, in check_response
    raise ValueError(
ValueError: The view foodonline.views.all_products didn't return an HttpResponse object. It returned None instead.
2023-12-12 16:07:46,967 INFO autoreload Watching for file changes with StatReloader
2023-12-12 16:07:47,124 ERROR views Error in all_product view: Invalid block tag on line 26: ''foodonline/media/foodonline_logo.svg''. Did you forget to register or load this tag?
2023-12-12 16:07:47,148 ERROR log Internal Server Error: /all_products
Traceback (most recent call last):
  File "C:\Users\daini\PycharmProjects\Python_baigiamasis_PTU17\venv\Lib\site-packages\django\core\handlers\exception.py", line 55, in inner
    response = get_response(request)
               ^^^^^^^^^^^^^^^^^^^^^
  File "C:\Users\daini\PycharmProjects\Python_baigiamasis_PTU17\venv\Lib\site-packages\django\core\handlers\base.py", line 204, in _get_response
    self.check_response(response, callback)
  File "C:\Users\daini\PycharmProjects\Python_baigiamasis_PTU17\venv\Lib\site-packages\django\core\handlers\base.py", line 332, in check_response
    raise ValueError(
ValueError: The view foodonline.views.all_products didn't return an HttpResponse object. It returned None instead.
2023-12-12 16:07:47,192 ERROR views Error in all_product view: Invalid block tag on line 26: ''foodonline/media/foodonline_logo.svg''. Did you forget to register or load this tag?
2023-12-12 16:07:47,209 ERROR log Internal Server Error: /all_products
Traceback (most recent call last):
  File "C:\Users\daini\PycharmProjects\Python_baigiamasis_PTU17\venv\Lib\site-packages\django\core\handlers\exception.py", line 55, in inner
    response = get_response(request)
               ^^^^^^^^^^^^^^^^^^^^^
  File "C:\Users\daini\PycharmProjects\Python_baigiamasis_PTU17\venv\Lib\site-packages\django\core\handlers\base.py", line 204, in _get_response
    self.check_response(response, callback)
  File "C:\Users\daini\PycharmProjects\Python_baigiamasis_PTU17\venv\Lib\site-packages\django\core\handlers\base.py", line 332, in check_response
    raise ValueError(
ValueError: The view foodonline.views.all_products didn't return an HttpResponse object. It returned None instead.
2023-12-12 16:07:47,605 ERROR views Error in all_product view: Invalid block tag on line 26: ''foodonline/media/foodonline_logo.svg''. Did you forget to register or load this tag?
2023-12-12 16:07:47,620 ERROR log Internal Server Error: /all_products
Traceback (most recent call last):
  File "C:\Users\daini\PycharmProjects\Python_baigiamasis_PTU17\venv\Lib\site-packages\django\core\handlers\exception.py", line 55, in inner
    response = get_response(request)
               ^^^^^^^^^^^^^^^^^^^^^
  File "C:\Users\daini\PycharmProjects\Python_baigiamasis_PTU17\venv\Lib\site-packages\django\core\handlers\base.py", line 204, in _get_response
    self.check_response(response, callback)
  File "C:\Users\daini\PycharmProjects\Python_baigiamasis_PTU17\venv\Lib\site-packages\django\core\handlers\base.py", line 332, in check_response
    raise ValueError(
ValueError: The view foodonline.views.all_products didn't return an HttpResponse object. It returned None instead.
2023-12-12 16:08:23,919 INFO autoreload Watching for file changes with StatReloader
2023-12-12 16:08:24,059 ERROR views Error in all_product view: Invalid block tag on line 26: ''foodonline\\media\\oodonline_logo.svg''. Did you forget to register or load this tag?
2023-12-12 16:08:24,086 ERROR log Internal Server Error: /all_products
Traceback (most recent call last):
  File "C:\Users\daini\PycharmProjects\Python_baigiamasis_PTU17\venv\Lib\site-packages\django\core\handlers\exception.py", line 55, in inner
    response = get_response(request)
               ^^^^^^^^^^^^^^^^^^^^^
  File "C:\Users\daini\PycharmProjects\Python_baigiamasis_PTU17\venv\Lib\site-packages\django\core\handlers\base.py", line 204, in _get_response
    self.check_response(response, callback)
  File "C:\Users\daini\PycharmProjects\Python_baigiamasis_PTU17\venv\Lib\site-packages\django\core\handlers\base.py", line 332, in check_response
    raise ValueError(
ValueError: The view foodonline.views.all_products didn't return an HttpResponse object. It returned None instead.
2023-12-12 16:08:24,369 ERROR views Error in all_product view: Invalid block tag on line 26: ''foodonline\\media\\oodonline_logo.svg''. Did you forget to register or load this tag?
2023-12-12 16:08:24,383 ERROR log Internal Server Error: /all_products
Traceback (most recent call last):
  File "C:\Users\daini\PycharmProjects\Python_baigiamasis_PTU17\venv\Lib\site-packages\django\core\handlers\exception.py", line 55, in inner
    response = get_response(request)
               ^^^^^^^^^^^^^^^^^^^^^
  File "C:\Users\daini\PycharmProjects\Python_baigiamasis_PTU17\venv\Lib\site-packages\django\core\handlers\base.py", line 204, in _get_response
    self.check_response(response, callback)
  File "C:\Users\daini\PycharmProjects\Python_baigiamasis_PTU17\venv\Lib\site-packages\django\core\handlers\base.py", line 332, in check_response
    raise ValueError(
ValueError: The view foodonline.views.all_products didn't return an HttpResponse object. It returned None instead.
2023-12-12 16:09:35,291 INFO autoreload Watching for file changes with StatReloader
2023-12-12 16:09:36,516 ERROR views Error in all_product view: Invalid block tag on line 16: ''foodonline/media/foodonline_logo.svg''. Did you forget to register or load this tag?
2023-12-12 16:09:36,541 ERROR log Internal Server Error: /all_products
Traceback (most recent call last):
  File "C:\Users\daini\PycharmProjects\Python_baigiamasis_PTU17\venv\Lib\site-packages\django\core\handlers\exception.py", line 55, in inner
    response = get_response(request)
               ^^^^^^^^^^^^^^^^^^^^^
  File "C:\Users\daini\PycharmProjects\Python_baigiamasis_PTU17\venv\Lib\site-packages\django\core\handlers\base.py", line 204, in _get_response
    self.check_response(response, callback)
  File "C:\Users\daini\PycharmProjects\Python_baigiamasis_PTU17\venv\Lib\site-packages\django\core\handlers\base.py", line 332, in check_response
    raise ValueError(
ValueError: The view foodonline.views.all_products didn't return an HttpResponse object. It returned None instead.
2023-12-12 16:09:37,217 ERROR views Error in all_product view: Invalid block tag on line 16: ''foodonline/media/foodonline_logo.svg''. Did you forget to register or load this tag?
2023-12-12 16:09:37,232 ERROR log Internal Server Error: /all_products
Traceback (most recent call last):
  File "C:\Users\daini\PycharmProjects\Python_baigiamasis_PTU17\venv\Lib\site-packages\django\core\handlers\exception.py", line 55, in inner
    response = get_response(request)
               ^^^^^^^^^^^^^^^^^^^^^
  File "C:\Users\daini\PycharmProjects\Python_baigiamasis_PTU17\venv\Lib\site-packages\django\core\handlers\base.py", line 204, in _get_response
    self.check_response(response, callback)
  File "C:\Users\daini\PycharmProjects\Python_baigiamasis_PTU17\venv\Lib\site-packages\django\core\handlers\base.py", line 332, in check_response
    raise ValueError(
ValueError: The view foodonline.views.all_products didn't return an HttpResponse object. It returned None instead.
2023-12-12 16:09:37,452 ERROR views Error in all_product view: Invalid block tag on line 16: ''foodonline/media/foodonline_logo.svg''. Did you forget to register or load this tag?
2023-12-12 16:09:37,467 ERROR log Internal Server Error: /all_products
Traceback (most recent call last):
  File "C:\Users\daini\PycharmProjects\Python_baigiamasis_PTU17\venv\Lib\site-packages\django\core\handlers\exception.py", line 55, in inner
    response = get_response(request)
               ^^^^^^^^^^^^^^^^^^^^^
  File "C:\Users\daini\PycharmProjects\Python_baigiamasis_PTU17\venv\Lib\site-packages\django\core\handlers\base.py", line 204, in _get_response
    self.check_response(response, callback)
  File "C:\Users\daini\PycharmProjects\Python_baigiamasis_PTU17\venv\Lib\site-packages\django\core\handlers\base.py", line 332, in check_response
    raise ValueError(
ValueError: The view foodonline.views.all_products didn't return an HttpResponse object. It returned None instead.
2023-12-12 16:09:37,653 ERROR views Error in all_product view: Invalid block tag on line 16: ''foodonline/media/foodonline_logo.svg''. Did you forget to register or load this tag?
2023-12-12 16:09:37,667 ERROR log Internal Server Error: /all_products
Traceback (most recent call last):
  File "C:\Users\daini\PycharmProjects\Python_baigiamasis_PTU17\venv\Lib\site-packages\django\core\handlers\exception.py", line 55, in inner
    response = get_response(request)
               ^^^^^^^^^^^^^^^^^^^^^
  File "C:\Users\daini\PycharmProjects\Python_baigiamasis_PTU17\venv\Lib\site-packages\django\core\handlers\base.py", line 204, in _get_response
    self.check_response(response, callback)
  File "C:\Users\daini\PycharmProjects\Python_baigiamasis_PTU17\venv\Lib\site-packages\django\core\handlers\base.py", line 332, in check_response
    raise ValueError(
ValueError: The view foodonline.views.all_products didn't return an HttpResponse object. It returned None instead.
2023-12-12 16:09:37,869 ERROR views Error in all_product view: Invalid block tag on line 16: ''foodonline/media/foodonline_logo.svg''. Did you forget to register or load this tag?
2023-12-12 16:09:37,884 ERROR log Internal Server Error: /all_products
Traceback (most recent call last):
  File "C:\Users\daini\PycharmProjects\Python_baigiamasis_PTU17\venv\Lib\site-packages\django\core\handlers\exception.py", line 55, in inner
    response = get_response(request)
               ^^^^^^^^^^^^^^^^^^^^^
  File "C:\Users\daini\PycharmProjects\Python_baigiamasis_PTU17\venv\Lib\site-packages\django\core\handlers\base.py", line 204, in _get_response
    self.check_response(response, callback)
  File "C:\Users\daini\PycharmProjects\Python_baigiamasis_PTU17\venv\Lib\site-packages\django\core\handlers\base.py", line 332, in check_response
    raise ValueError(
ValueError: The view foodonline.views.all_products didn't return an HttpResponse object. It returned None instead.
2023-12-12 16:11:19,883 INFO autoreload Watching for file changes with StatReloader
2023-12-12 16:11:54,613 INFO autoreload Watching for file changes with StatReloader
2023-12-12 16:12:43,583 INFO autoreload Watching for file changes with StatReloader
2023-12-12 16:12:58,740 INFO autoreload Watching for file changes with StatReloader
2023-12-12 16:13:40,154 INFO autoreload Watching for file changes with StatReloader
2023-12-12 16:13:50,450 INFO autoreload Watching for file changes with StatReloader
2023-12-12 16:14:04,337 INFO autoreload Watching for file changes with StatReloader
2023-12-12 16:14:43,969 INFO autoreload Watching for file changes with StatReloader
2023-12-12 16:15:19,362 INFO autoreload Watching for file changes with StatReloader
2023-12-12 16:18:49,235 INFO autoreload Watching for file changes with StatReloader
2023-12-12 16:20:10,038 INFO autoreload Watching for file changes with StatReloader
2023-12-12 16:20:10,386 ERROR log Internal Server Error: /
Traceback (most recent call last):
  File "C:\Users\daini\PycharmProjects\Python_baigiamasis_PTU17\venv\Lib\site-packages\django\template\base.py", line 505, in parse
    compile_func = self.tags[command]
                   ~~~~~~~~~^^^^^^^^^
KeyError: "'foodonline_logo.svg'"

During handling of the above exception, another exception occurred:

Traceback (most recent call last):
  File "C:\Users\daini\PycharmProjects\Python_baigiamasis_PTU17\venv\Lib\site-packages\django\core\handlers\exception.py", line 55, in inner
    response = get_response(request)
               ^^^^^^^^^^^^^^^^^^^^^
  File "C:\Users\daini\PycharmProjects\Python_baigiamasis_PTU17\venv\Lib\site-packages\django\core\handlers\base.py", line 197, in _get_response
    response = wrapped_callback(request, *callback_args, **callback_kwargs)
               ^^^^^^^^^^^^^^^^^^^^^^^^^^^^^^^^^^^^^^^^^^^^^^^^^^^^^^^^^^^^
  File "C:\Users\daini\PycharmProjects\Python_baigiamasis_PTU17\foodonline\views.py", line 15, in index
    return render(request, 'index.html')
           ^^^^^^^^^^^^^^^^^^^^^^^^^^^^^
  File "C:\Users\daini\PycharmProjects\Python_baigiamasis_PTU17\venv\Lib\site-packages\django\shortcuts.py", line 24, in render
    content = loader.render_to_string(template_name, context, request, using=using)
              ^^^^^^^^^^^^^^^^^^^^^^^^^^^^^^^^^^^^^^^^^^^^^^^^^^^^^^^^^^^^^^^^^^^^^
  File "C:\Users\daini\PycharmProjects\Python_baigiamasis_PTU17\venv\Lib\site-packages\django\template\loader.py", line 62, in render_to_string
    return template.render(context, request)
           ^^^^^^^^^^^^^^^^^^^^^^^^^^^^^^^^^
  File "C:\Users\daini\PycharmProjects\Python_baigiamasis_PTU17\venv\Lib\site-packages\django\template\backends\django.py", line 61, in render
    return self.template.render(context)
           ^^^^^^^^^^^^^^^^^^^^^^^^^^^^^
  File "C:\Users\daini\PycharmProjects\Python_baigiamasis_PTU17\venv\Lib\site-packages\django\template\base.py", line 175, in render
    return self._render(context)
           ^^^^^^^^^^^^^^^^^^^^^
  File "C:\Users\daini\PycharmProjects\Python_baigiamasis_PTU17\venv\Lib\site-packages\django\template\base.py", line 167, in _render
    return self.nodelist.render(context)
           ^^^^^^^^^^^^^^^^^^^^^^^^^^^^^
  File "C:\Users\daini\PycharmProjects\Python_baigiamasis_PTU17\venv\Lib\site-packages\django\template\base.py", line 1005, in render
    return SafeString("".join([node.render_annotated(context) for node in self]))
                              ^^^^^^^^^^^^^^^^^^^^^^^^^^^^^^^^^^^^^^^^^^^^^^^^^
  File "C:\Users\daini\PycharmProjects\Python_baigiamasis_PTU17\venv\Lib\site-packages\django\template\base.py", line 1005, in <listcomp>
    return SafeString("".join([node.render_annotated(context) for node in self]))
                               ^^^^^^^^^^^^^^^^^^^^^^^^^^^^^^
  File "C:\Users\daini\PycharmProjects\Python_baigiamasis_PTU17\venv\Lib\site-packages\django\template\base.py", line 966, in render_annotated
    return self.render(context)
           ^^^^^^^^^^^^^^^^^^^^
  File "C:\Users\daini\PycharmProjects\Python_baigiamasis_PTU17\venv\Lib\site-packages\django\template\loader_tags.py", line 132, in render
    compiled_parent = self.get_parent(context)
                      ^^^^^^^^^^^^^^^^^^^^^^^^
  File "C:\Users\daini\PycharmProjects\Python_baigiamasis_PTU17\venv\Lib\site-packages\django\template\loader_tags.py", line 129, in get_parent
    return self.find_template(parent, context)
           ^^^^^^^^^^^^^^^^^^^^^^^^^^^^^^^^^^^
  File "C:\Users\daini\PycharmProjects\Python_baigiamasis_PTU17\venv\Lib\site-packages\django\template\loader_tags.py", line 107, in find_template
    template, origin = context.template.engine.find_template(
                       ^^^^^^^^^^^^^^^^^^^^^^^^^^^^^^^^^^^^^^
  File "C:\Users\daini\PycharmProjects\Python_baigiamasis_PTU17\venv\Lib\site-packages\django\template\engine.py", line 157, in find_template
    template = loader.get_template(name, skip=skip)
               ^^^^^^^^^^^^^^^^^^^^^^^^^^^^^^^^^^^^
  File "C:\Users\daini\PycharmProjects\Python_baigiamasis_PTU17\venv\Lib\site-packages\django\template\loaders\cached.py", line 57, in get_template
    template = super().get_template(template_name, skip)
               ^^^^^^^^^^^^^^^^^^^^^^^^^^^^^^^^^^^^^^^^^
  File "C:\Users\daini\PycharmProjects\Python_baigiamasis_PTU17\venv\Lib\site-packages\django\template\loaders\base.py", line 28, in get_template
    return Template(
           ^^^^^^^^^
  File "C:\Users\daini\PycharmProjects\Python_baigiamasis_PTU17\venv\Lib\site-packages\django\template\base.py", line 154, in __init__
    self.nodelist = self.compile_nodelist()
                    ^^^^^^^^^^^^^^^^^^^^^^^
  File "C:\Users\daini\PycharmProjects\Python_baigiamasis_PTU17\venv\Lib\site-packages\django\template\base.py", line 200, in compile_nodelist
    return parser.parse()
           ^^^^^^^^^^^^^^
  File "C:\Users\daini\PycharmProjects\Python_baigiamasis_PTU17\venv\Lib\site-packages\django\template\base.py", line 507, in parse
    self.invalid_block_tag(token, command, parse_until)
  File "C:\Users\daini\PycharmProjects\Python_baigiamasis_PTU17\venv\Lib\site-packages\django\template\base.py", line 568, in invalid_block_tag
    raise self.error(
django.template.exceptions.TemplateSyntaxError: Invalid block tag on line 16: ''foodonline_logo.svg''. Did you forget to register or load this tag?
2023-12-12 16:20:11,007 ERROR log Internal Server Error: /
Traceback (most recent call last):
  File "C:\Users\daini\PycharmProjects\Python_baigiamasis_PTU17\venv\Lib\site-packages\django\template\base.py", line 505, in parse
    compile_func = self.tags[command]
                   ~~~~~~~~~^^^^^^^^^
KeyError: "'foodonline_logo.svg'"

During handling of the above exception, another exception occurred:

Traceback (most recent call last):
  File "C:\Users\daini\PycharmProjects\Python_baigiamasis_PTU17\venv\Lib\site-packages\django\core\handlers\exception.py", line 55, in inner
    response = get_response(request)
               ^^^^^^^^^^^^^^^^^^^^^
  File "C:\Users\daini\PycharmProjects\Python_baigiamasis_PTU17\venv\Lib\site-packages\django\core\handlers\base.py", line 197, in _get_response
    response = wrapped_callback(request, *callback_args, **callback_kwargs)
               ^^^^^^^^^^^^^^^^^^^^^^^^^^^^^^^^^^^^^^^^^^^^^^^^^^^^^^^^^^^^
  File "C:\Users\daini\PycharmProjects\Python_baigiamasis_PTU17\foodonline\views.py", line 15, in index
    return render(request, 'index.html')
           ^^^^^^^^^^^^^^^^^^^^^^^^^^^^^
  File "C:\Users\daini\PycharmProjects\Python_baigiamasis_PTU17\venv\Lib\site-packages\django\shortcuts.py", line 24, in render
    content = loader.render_to_string(template_name, context, request, using=using)
              ^^^^^^^^^^^^^^^^^^^^^^^^^^^^^^^^^^^^^^^^^^^^^^^^^^^^^^^^^^^^^^^^^^^^^
  File "C:\Users\daini\PycharmProjects\Python_baigiamasis_PTU17\venv\Lib\site-packages\django\template\loader.py", line 62, in render_to_string
    return template.render(context, request)
           ^^^^^^^^^^^^^^^^^^^^^^^^^^^^^^^^^
  File "C:\Users\daini\PycharmProjects\Python_baigiamasis_PTU17\venv\Lib\site-packages\django\template\backends\django.py", line 61, in render
    return self.template.render(context)
           ^^^^^^^^^^^^^^^^^^^^^^^^^^^^^
  File "C:\Users\daini\PycharmProjects\Python_baigiamasis_PTU17\venv\Lib\site-packages\django\template\base.py", line 175, in render
    return self._render(context)
           ^^^^^^^^^^^^^^^^^^^^^
  File "C:\Users\daini\PycharmProjects\Python_baigiamasis_PTU17\venv\Lib\site-packages\django\template\base.py", line 167, in _render
    return self.nodelist.render(context)
           ^^^^^^^^^^^^^^^^^^^^^^^^^^^^^
  File "C:\Users\daini\PycharmProjects\Python_baigiamasis_PTU17\venv\Lib\site-packages\django\template\base.py", line 1005, in render
    return SafeString("".join([node.render_annotated(context) for node in self]))
                              ^^^^^^^^^^^^^^^^^^^^^^^^^^^^^^^^^^^^^^^^^^^^^^^^^
  File "C:\Users\daini\PycharmProjects\Python_baigiamasis_PTU17\venv\Lib\site-packages\django\template\base.py", line 1005, in <listcomp>
    return SafeString("".join([node.render_annotated(context) for node in self]))
                               ^^^^^^^^^^^^^^^^^^^^^^^^^^^^^^
  File "C:\Users\daini\PycharmProjects\Python_baigiamasis_PTU17\venv\Lib\site-packages\django\template\base.py", line 966, in render_annotated
    return self.render(context)
           ^^^^^^^^^^^^^^^^^^^^
  File "C:\Users\daini\PycharmProjects\Python_baigiamasis_PTU17\venv\Lib\site-packages\django\template\loader_tags.py", line 132, in render
    compiled_parent = self.get_parent(context)
                      ^^^^^^^^^^^^^^^^^^^^^^^^
  File "C:\Users\daini\PycharmProjects\Python_baigiamasis_PTU17\venv\Lib\site-packages\django\template\loader_tags.py", line 129, in get_parent
    return self.find_template(parent, context)
           ^^^^^^^^^^^^^^^^^^^^^^^^^^^^^^^^^^^
  File "C:\Users\daini\PycharmProjects\Python_baigiamasis_PTU17\venv\Lib\site-packages\django\template\loader_tags.py", line 107, in find_template
    template, origin = context.template.engine.find_template(
                       ^^^^^^^^^^^^^^^^^^^^^^^^^^^^^^^^^^^^^^
  File "C:\Users\daini\PycharmProjects\Python_baigiamasis_PTU17\venv\Lib\site-packages\django\template\engine.py", line 157, in find_template
    template = loader.get_template(name, skip=skip)
               ^^^^^^^^^^^^^^^^^^^^^^^^^^^^^^^^^^^^
  File "C:\Users\daini\PycharmProjects\Python_baigiamasis_PTU17\venv\Lib\site-packages\django\template\loaders\cached.py", line 57, in get_template
    template = super().get_template(template_name, skip)
               ^^^^^^^^^^^^^^^^^^^^^^^^^^^^^^^^^^^^^^^^^
  File "C:\Users\daini\PycharmProjects\Python_baigiamasis_PTU17\venv\Lib\site-packages\django\template\loaders\base.py", line 28, in get_template
    return Template(
           ^^^^^^^^^
  File "C:\Users\daini\PycharmProjects\Python_baigiamasis_PTU17\venv\Lib\site-packages\django\template\base.py", line 154, in __init__
    self.nodelist = self.compile_nodelist()
                    ^^^^^^^^^^^^^^^^^^^^^^^
  File "C:\Users\daini\PycharmProjects\Python_baigiamasis_PTU17\venv\Lib\site-packages\django\template\base.py", line 200, in compile_nodelist
    return parser.parse()
           ^^^^^^^^^^^^^^
  File "C:\Users\daini\PycharmProjects\Python_baigiamasis_PTU17\venv\Lib\site-packages\django\template\base.py", line 507, in parse
    self.invalid_block_tag(token, command, parse_until)
  File "C:\Users\daini\PycharmProjects\Python_baigiamasis_PTU17\venv\Lib\site-packages\django\template\base.py", line 568, in invalid_block_tag
    raise self.error(
django.template.exceptions.TemplateSyntaxError: Invalid block tag on line 16: ''foodonline_logo.svg''. Did you forget to register or load this tag?
2023-12-12 16:25:18,803 INFO autoreload Watching for file changes with StatReloader
2023-12-12 16:25:56,081 INFO autoreload Watching for file changes with StatReloader
2023-12-12 16:25:58,254 ERROR log Internal Server Error: /
Traceback (most recent call last):
  File "C:\Users\daini\PycharmProjects\Python_baigiamasis_PTU17\venv\Lib\site-packages\django\template\base.py", line 505, in parse
    compile_func = self.tags[command]
                   ~~~~~~~~~^^^^^^^^^
KeyError: "'foodonline_logo.svg'"

During handling of the above exception, another exception occurred:

Traceback (most recent call last):
  File "C:\Users\daini\PycharmProjects\Python_baigiamasis_PTU17\venv\Lib\site-packages\django\core\handlers\exception.py", line 55, in inner
    response = get_response(request)
               ^^^^^^^^^^^^^^^^^^^^^
  File "C:\Users\daini\PycharmProjects\Python_baigiamasis_PTU17\venv\Lib\site-packages\django\core\handlers\base.py", line 197, in _get_response
    response = wrapped_callback(request, *callback_args, **callback_kwargs)
               ^^^^^^^^^^^^^^^^^^^^^^^^^^^^^^^^^^^^^^^^^^^^^^^^^^^^^^^^^^^^
  File "C:\Users\daini\PycharmProjects\Python_baigiamasis_PTU17\foodonline\views.py", line 15, in index
    return render(request, 'index.html')
           ^^^^^^^^^^^^^^^^^^^^^^^^^^^^^
  File "C:\Users\daini\PycharmProjects\Python_baigiamasis_PTU17\venv\Lib\site-packages\django\shortcuts.py", line 24, in render
    content = loader.render_to_string(template_name, context, request, using=using)
              ^^^^^^^^^^^^^^^^^^^^^^^^^^^^^^^^^^^^^^^^^^^^^^^^^^^^^^^^^^^^^^^^^^^^^
  File "C:\Users\daini\PycharmProjects\Python_baigiamasis_PTU17\venv\Lib\site-packages\django\template\loader.py", line 62, in render_to_string
    return template.render(context, request)
           ^^^^^^^^^^^^^^^^^^^^^^^^^^^^^^^^^
  File "C:\Users\daini\PycharmProjects\Python_baigiamasis_PTU17\venv\Lib\site-packages\django\template\backends\django.py", line 61, in render
    return self.template.render(context)
           ^^^^^^^^^^^^^^^^^^^^^^^^^^^^^
  File "C:\Users\daini\PycharmProjects\Python_baigiamasis_PTU17\venv\Lib\site-packages\django\template\base.py", line 175, in render
    return self._render(context)
           ^^^^^^^^^^^^^^^^^^^^^
  File "C:\Users\daini\PycharmProjects\Python_baigiamasis_PTU17\venv\Lib\site-packages\django\template\base.py", line 167, in _render
    return self.nodelist.render(context)
           ^^^^^^^^^^^^^^^^^^^^^^^^^^^^^
  File "C:\Users\daini\PycharmProjects\Python_baigiamasis_PTU17\venv\Lib\site-packages\django\template\base.py", line 1005, in render
    return SafeString("".join([node.render_annotated(context) for node in self]))
                              ^^^^^^^^^^^^^^^^^^^^^^^^^^^^^^^^^^^^^^^^^^^^^^^^^
  File "C:\Users\daini\PycharmProjects\Python_baigiamasis_PTU17\venv\Lib\site-packages\django\template\base.py", line 1005, in <listcomp>
    return SafeString("".join([node.render_annotated(context) for node in self]))
                               ^^^^^^^^^^^^^^^^^^^^^^^^^^^^^^
  File "C:\Users\daini\PycharmProjects\Python_baigiamasis_PTU17\venv\Lib\site-packages\django\template\base.py", line 966, in render_annotated
    return self.render(context)
           ^^^^^^^^^^^^^^^^^^^^
  File "C:\Users\daini\PycharmProjects\Python_baigiamasis_PTU17\venv\Lib\site-packages\django\template\loader_tags.py", line 132, in render
    compiled_parent = self.get_parent(context)
                      ^^^^^^^^^^^^^^^^^^^^^^^^
  File "C:\Users\daini\PycharmProjects\Python_baigiamasis_PTU17\venv\Lib\site-packages\django\template\loader_tags.py", line 129, in get_parent
    return self.find_template(parent, context)
           ^^^^^^^^^^^^^^^^^^^^^^^^^^^^^^^^^^^
  File "C:\Users\daini\PycharmProjects\Python_baigiamasis_PTU17\venv\Lib\site-packages\django\template\loader_tags.py", line 107, in find_template
    template, origin = context.template.engine.find_template(
                       ^^^^^^^^^^^^^^^^^^^^^^^^^^^^^^^^^^^^^^
  File "C:\Users\daini\PycharmProjects\Python_baigiamasis_PTU17\venv\Lib\site-packages\django\template\engine.py", line 157, in find_template
    template = loader.get_template(name, skip=skip)
               ^^^^^^^^^^^^^^^^^^^^^^^^^^^^^^^^^^^^
  File "C:\Users\daini\PycharmProjects\Python_baigiamasis_PTU17\venv\Lib\site-packages\django\template\loaders\cached.py", line 57, in get_template
    template = super().get_template(template_name, skip)
               ^^^^^^^^^^^^^^^^^^^^^^^^^^^^^^^^^^^^^^^^^
  File "C:\Users\daini\PycharmProjects\Python_baigiamasis_PTU17\venv\Lib\site-packages\django\template\loaders\base.py", line 28, in get_template
    return Template(
           ^^^^^^^^^
  File "C:\Users\daini\PycharmProjects\Python_baigiamasis_PTU17\venv\Lib\site-packages\django\template\base.py", line 154, in __init__
    self.nodelist = self.compile_nodelist()
                    ^^^^^^^^^^^^^^^^^^^^^^^
  File "C:\Users\daini\PycharmProjects\Python_baigiamasis_PTU17\venv\Lib\site-packages\django\template\base.py", line 200, in compile_nodelist
    return parser.parse()
           ^^^^^^^^^^^^^^
  File "C:\Users\daini\PycharmProjects\Python_baigiamasis_PTU17\venv\Lib\site-packages\django\template\base.py", line 507, in parse
    self.invalid_block_tag(token, command, parse_until)
  File "C:\Users\daini\PycharmProjects\Python_baigiamasis_PTU17\venv\Lib\site-packages\django\template\base.py", line 568, in invalid_block_tag
    raise self.error(
django.template.exceptions.TemplateSyntaxError: Invalid block tag on line 16: ''foodonline_logo.svg''. Did you forget to register or load this tag?
2023-12-12 16:25:58,837 ERROR log Internal Server Error: /
Traceback (most recent call last):
  File "C:\Users\daini\PycharmProjects\Python_baigiamasis_PTU17\venv\Lib\site-packages\django\template\base.py", line 505, in parse
    compile_func = self.tags[command]
                   ~~~~~~~~~^^^^^^^^^
KeyError: "'foodonline_logo.svg'"

During handling of the above exception, another exception occurred:

Traceback (most recent call last):
  File "C:\Users\daini\PycharmProjects\Python_baigiamasis_PTU17\venv\Lib\site-packages\django\core\handlers\exception.py", line 55, in inner
    response = get_response(request)
               ^^^^^^^^^^^^^^^^^^^^^
  File "C:\Users\daini\PycharmProjects\Python_baigiamasis_PTU17\venv\Lib\site-packages\django\core\handlers\base.py", line 197, in _get_response
    response = wrapped_callback(request, *callback_args, **callback_kwargs)
               ^^^^^^^^^^^^^^^^^^^^^^^^^^^^^^^^^^^^^^^^^^^^^^^^^^^^^^^^^^^^
  File "C:\Users\daini\PycharmProjects\Python_baigiamasis_PTU17\foodonline\views.py", line 15, in index
    return render(request, 'index.html')
           ^^^^^^^^^^^^^^^^^^^^^^^^^^^^^
  File "C:\Users\daini\PycharmProjects\Python_baigiamasis_PTU17\venv\Lib\site-packages\django\shortcuts.py", line 24, in render
    content = loader.render_to_string(template_name, context, request, using=using)
              ^^^^^^^^^^^^^^^^^^^^^^^^^^^^^^^^^^^^^^^^^^^^^^^^^^^^^^^^^^^^^^^^^^^^^
  File "C:\Users\daini\PycharmProjects\Python_baigiamasis_PTU17\venv\Lib\site-packages\django\template\loader.py", line 62, in render_to_string
    return template.render(context, request)
           ^^^^^^^^^^^^^^^^^^^^^^^^^^^^^^^^^
  File "C:\Users\daini\PycharmProjects\Python_baigiamasis_PTU17\venv\Lib\site-packages\django\template\backends\django.py", line 61, in render
    return self.template.render(context)
           ^^^^^^^^^^^^^^^^^^^^^^^^^^^^^
  File "C:\Users\daini\PycharmProjects\Python_baigiamasis_PTU17\venv\Lib\site-packages\django\template\base.py", line 175, in render
    return self._render(context)
           ^^^^^^^^^^^^^^^^^^^^^
  File "C:\Users\daini\PycharmProjects\Python_baigiamasis_PTU17\venv\Lib\site-packages\django\template\base.py", line 167, in _render
    return self.nodelist.render(context)
           ^^^^^^^^^^^^^^^^^^^^^^^^^^^^^
  File "C:\Users\daini\PycharmProjects\Python_baigiamasis_PTU17\venv\Lib\site-packages\django\template\base.py", line 1005, in render
    return SafeString("".join([node.render_annotated(context) for node in self]))
                              ^^^^^^^^^^^^^^^^^^^^^^^^^^^^^^^^^^^^^^^^^^^^^^^^^
  File "C:\Users\daini\PycharmProjects\Python_baigiamasis_PTU17\venv\Lib\site-packages\django\template\base.py", line 1005, in <listcomp>
    return SafeString("".join([node.render_annotated(context) for node in self]))
                               ^^^^^^^^^^^^^^^^^^^^^^^^^^^^^^
  File "C:\Users\daini\PycharmProjects\Python_baigiamasis_PTU17\venv\Lib\site-packages\django\template\base.py", line 966, in render_annotated
    return self.render(context)
           ^^^^^^^^^^^^^^^^^^^^
  File "C:\Users\daini\PycharmProjects\Python_baigiamasis_PTU17\venv\Lib\site-packages\django\template\loader_tags.py", line 132, in render
    compiled_parent = self.get_parent(context)
                      ^^^^^^^^^^^^^^^^^^^^^^^^
  File "C:\Users\daini\PycharmProjects\Python_baigiamasis_PTU17\venv\Lib\site-packages\django\template\loader_tags.py", line 129, in get_parent
    return self.find_template(parent, context)
           ^^^^^^^^^^^^^^^^^^^^^^^^^^^^^^^^^^^
  File "C:\Users\daini\PycharmProjects\Python_baigiamasis_PTU17\venv\Lib\site-packages\django\template\loader_tags.py", line 107, in find_template
    template, origin = context.template.engine.find_template(
                       ^^^^^^^^^^^^^^^^^^^^^^^^^^^^^^^^^^^^^^
  File "C:\Users\daini\PycharmProjects\Python_baigiamasis_PTU17\venv\Lib\site-packages\django\template\engine.py", line 157, in find_template
    template = loader.get_template(name, skip=skip)
               ^^^^^^^^^^^^^^^^^^^^^^^^^^^^^^^^^^^^
  File "C:\Users\daini\PycharmProjects\Python_baigiamasis_PTU17\venv\Lib\site-packages\django\template\loaders\cached.py", line 57, in get_template
    template = super().get_template(template_name, skip)
               ^^^^^^^^^^^^^^^^^^^^^^^^^^^^^^^^^^^^^^^^^
  File "C:\Users\daini\PycharmProjects\Python_baigiamasis_PTU17\venv\Lib\site-packages\django\template\loaders\base.py", line 28, in get_template
    return Template(
           ^^^^^^^^^
  File "C:\Users\daini\PycharmProjects\Python_baigiamasis_PTU17\venv\Lib\site-packages\django\template\base.py", line 154, in __init__
    self.nodelist = self.compile_nodelist()
                    ^^^^^^^^^^^^^^^^^^^^^^^
  File "C:\Users\daini\PycharmProjects\Python_baigiamasis_PTU17\venv\Lib\site-packages\django\template\base.py", line 200, in compile_nodelist
    return parser.parse()
           ^^^^^^^^^^^^^^
  File "C:\Users\daini\PycharmProjects\Python_baigiamasis_PTU17\venv\Lib\site-packages\django\template\base.py", line 507, in parse
    self.invalid_block_tag(token, command, parse_until)
  File "C:\Users\daini\PycharmProjects\Python_baigiamasis_PTU17\venv\Lib\site-packages\django\template\base.py", line 568, in invalid_block_tag
    raise self.error(
django.template.exceptions.TemplateSyntaxError: Invalid block tag on line 16: ''foodonline_logo.svg''. Did you forget to register or load this tag?
2023-12-12 16:26:57,007 INFO autoreload Watching for file changes with StatReloader
2023-12-12 16:26:58,232 WARNING log Not Found: /foodonline_logo.svg
2023-12-12 16:26:58,691 WARNING log Not Found: /foodonline_logo.svg
2023-12-12 16:26:58,895 WARNING log Not Found: /foodonline_logo.svg
2023-12-12 16:26:59,085 WARNING log Not Found: /foodonline_logo.svg
2023-12-12 16:26:59,301 WARNING log Not Found: /foodonline_logo.svg
2023-12-12 16:26:59,550 WARNING log Not Found: /foodonline_logo.svg
2023-12-12 16:26:59,761 WARNING log Not Found: /foodonline_logo.svg
2023-12-12 16:26:59,945 WARNING log Not Found: /foodonline_logo.svg
2023-12-12 16:27:00,010 WARNING log Not Found: /foodonline_logo.svg
2023-12-12 16:27:21,095 WARNING log Not Found: /favicon.ico
2023-12-12 16:28:52,946 INFO autoreload Watching for file changes with StatReloader
2023-12-12 16:28:54,153 WARNING log Not Found: /foodonline_logo.svg
2023-12-12 16:28:54,444 WARNING log Not Found: /foodonline_logo.svg
2023-12-12 16:28:54,649 WARNING log Not Found: /foodonline_logo.svg
2023-12-12 16:30:56,752 INFO autoreload Watching for file changes with StatReloader
2023-12-12 16:31:35,246 INFO autoreload Watching for file changes with StatReloader
2023-12-12 16:31:47,553 INFO autoreload Watching for file changes with StatReloader
2023-12-12 16:32:07,747 INFO autoreload Watching for file changes with StatReloader
2023-12-12 16:32:28,294 INFO autoreload Watching for file changes with StatReloader
2023-12-12 16:32:37,723 INFO autoreload Watching for file changes with StatReloader
2023-12-12 16:33:51,368 INFO autoreload Watching for file changes with StatReloader
2023-12-12 16:34:00,757 INFO autoreload Watching for file changes with StatReloader
2023-12-12 16:34:52,290 INFO autoreload Watching for file changes with StatReloader
2023-12-12 16:36:00,186 INFO autoreload Watching for file changes with StatReloader
2023-12-12 16:36:46,944 INFO autoreload Watching for file changes with StatReloader
2023-12-12 16:40:14,312 INFO autoreload Watching for file changes with StatReloader
2023-12-12 16:40:52,349 INFO autoreload Watching for file changes with StatReloader
2023-12-12 16:40:58,584 INFO autoreload Watching for file changes with StatReloader
2023-12-12 16:41:06,994 INFO autoreload Watching for file changes with StatReloader
2023-12-12 16:41:48,086 INFO autoreload Watching for file changes with StatReloader
2023-12-12 16:42:54,973 INFO autoreload Watching for file changes with StatReloader
2023-12-12 16:44:32,411 INFO autoreload Watching for file changes with StatReloader
2023-12-12 16:49:07,744 INFO autoreload Watching for file changes with StatReloader
2023-12-12 16:49:35,686 INFO autoreload Watching for file changes with StatReloader
2023-12-12 16:49:57,048 INFO autoreload Watching for file changes with StatReloader
2023-12-12 16:50:12,674 INFO autoreload Watching for file changes with StatReloader
2023-12-12 16:51:33,121 INFO autoreload Watching for file changes with StatReloader
2023-12-12 16:51:42,967 INFO autoreload Watching for file changes with StatReloader
2023-12-12 16:51:49,006 INFO autoreload Watching for file changes with StatReloader
2023-12-12 16:52:02,869 INFO autoreload Watching for file changes with StatReloader
2023-12-12 16:52:08,127 INFO autoreload Watching for file changes with StatReloader
2023-12-12 16:53:16,579 INFO autoreload Watching for file changes with StatReloader
2023-12-12 16:53:33,825 INFO autoreload Watching for file changes with StatReloader
2023-12-12 16:54:13,491 INFO autoreload Watching for file changes with StatReloader
